<?xml version="1.0" encoding="UTF-8"?>
<testng-results ignored="0" total="1" passed="1" failed="0" skipped="0">
  <reporter-output>
  </reporter-output>
  <suite started-at="2019-06-01T13:57:45Z" name="cucumberSuite" finished-at="2019-06-01T13:57:46Z" duration-ms="861">
    <groups>
      <group name="cucumber">
        <method signature="TestRunner.feature(cucumber.api.testng.CucumberFeatureWrapper)[pri:0, instance:com.demo.SeleniumPractice.TestRunner@7b02881e]" name="feature" class="com.demo.SeleniumPractice.TestRunner"/>
      </group> <!-- cucumber -->
    </groups>
    <test started-at="2019-06-01T13:57:45Z" name="testBDD" finished-at="2019-06-01T13:57:46Z" duration-ms="861">
      <class name="com.demo.SeleniumPractice.TestRunner">
        <test-method is-config="true" signature="setUpClass()[pri:0, instance:com.demo.SeleniumPractice.TestRunner@7b02881e]" started-at="2019-06-01T13:57:45Z" name="setUpClass" finished-at="2019-06-01T13:57:45Z" duration-ms="219" status="PASS">
          <reporter-output>
          </reporter-output>
        </test-method> <!-- setUpClass -->
        <test-method signature="feature(cucumber.api.testng.CucumberFeatureWrapper)[pri:0, instance:com.demo.SeleniumPractice.TestRunner@7b02881e]" started-at="2019-06-01T13:57:45Z" name="feature" description="Runs Cucumber Feature" data-provider="features" finished-at="2019-06-01T13:57:46Z" duration-ms="538" status="PASS">
          <params>
            <param index="0">
              <value>
                <![CDATA[Title of your feature]]>
              </value>
            </param>
          </params>
          <reporter-output>
          </reporter-output>
        </test-method> <!-- feature -->
        <test-method is-config="true" signature="tearDownClass()[pri:0, instance:com.demo.SeleniumPractice.TestRunner@7b02881e]" started-at="2019-06-01T13:57:46Z" name="tearDownClass" finished-at="2019-06-01T13:57:46Z" duration-ms="31" status="PASS">
          <reporter-output>
          </reporter-output>
        </test-method> <!-- tearDownClass -->
      </class> <!-- com.demo.SeleniumPractice.TestRunner -->
    </test> <!-- testBDD -->
  </suite> <!-- cucumberSuite -->
</testng-results>
